[proto-engine] i=0 instr=0x19801 isInt=1
[proto-engine] op=102 arg=0 stack=0
[proto-engine] LOAD_NAME name=__import__ val=0 env=0x7ffdb799d260
[proto-engine] LOAD_NAME resolve=__import__ val=0x7a4c5d8d264c
[proto-engine] i=2 instr=0x19001 isInt=1
[proto-engine] op=100 arg=0 stack=1
[proto-engine] i=4 instr=0x1a801 isInt=1
[proto-engine] op=106 arg=1 stack=2
[proto-engine] invokeCallable callable=0x7a4c5d8d264c args=1
[proto-engine] i=0 instr=0x19801 isInt=1
[proto-engine] op=102 arg=0 stack=0
[proto-engine] LOAD_NAME name=print val=0 env=0x7ffdb799d260
[proto-engine] LOAD_NAME resolve=print val=0x7a4c5d8a3d4c
[proto-engine] i=2 instr=0x19001 isInt=1
[proto-engine] op=100 arg=0 stack=1
[proto-engine] i=4 instr=0x19001 isInt=1
[proto-engine] op=100 arg=1 stack=2
[proto-engine] i=6 instr=0x19001 isInt=1
[proto-engine] op=100 arg=2 stack=3
[proto-engine] i=8 instr=0x27c01 isInt=1
[proto-engine] op=159 arg=2 stack=4
[proto-engine] invokeCallable callable=0x7a4c5d8a3d4c args=1
[proto-builtins] py_print called size=1
os.py START
[proto-engine] i=10 instr=0x21401 isInt=1
[proto-engine] op=133 arg=102 stack=1
[proto-engine] i=11 instr=0x19801 isInt=1
[proto-engine] op=102 arg=1 stack=0
[proto-engine] LOAD_NAME name=__import__ val=0 env=0x7ffdb799d260
[proto-engine] LOAD_NAME resolve=__import__ val=0x7a4c5d8d264c
[proto-engine] i=13 instr=0x19001 isInt=1
[proto-engine] op=100 arg=3 stack=1
[proto-engine] i=15 instr=0x1a801 isInt=1
[proto-engine] op=106 arg=1 stack=2
[proto-engine] invokeCallable callable=0x7a4c5d8d264c args=1
[proto-engine] i=17 instr=0x19c01 isInt=1
[proto-engine] op=103 arg=2 stack=1
[proto-engine] STORE_NAME sys into frame=0x7a4c5d75cd40
[proto-engine]   (also synced globals)
[proto-engine] i=19 instr=0x19001 isInt=1
[proto-engine] op=100 arg=4 stack=0
[proto-engine] i=21 instr=0x19c01 isInt=1
[proto-engine] op=103 arg=3 stack=1
[proto-engine] STORE_NAME name into frame=0x7a4c5d75cd40
[proto-engine]   (also synced globals)
[proto-engine] i=23 instr=0x19001 isInt=1
[proto-engine] op=100 arg=5 stack=0
[proto-engine] i=25 instr=0x19c01 isInt=1
[proto-engine] op=103 arg=4 stack=1
[proto-engine] STORE_NAME pathsep into frame=0x7a4c5d75cd40
[proto-engine]   (also synced globals)
[proto-engine] i=27 instr=0x19001 isInt=1
[proto-engine] op=100 arg=6 stack=0
[proto-engine] i=29 instr=0x19c01 isInt=1
[proto-engine] op=103 arg=5 stack=1
[proto-engine] STORE_NAME sep into frame=0x7a4c5d75cd40
[proto-engine]   (also synced globals)
[proto-engine] i=31 instr=0x19801 isInt=1
[proto-engine] op=102 arg=0 stack=0
[proto-engine] LOAD_NAME name=print val=0 env=0x7ffdb799d260
[proto-engine] LOAD_NAME resolve=print val=0x7a4c5d8a3d4c
[proto-engine] i=33 instr=0x19001 isInt=1
[proto-engine] op=100 arg=7 stack=1
[proto-engine] i=35 instr=0x19001 isInt=1
[proto-engine] op=100 arg=1 stack=2
[proto-engine] i=37 instr=0x19001 isInt=1
[proto-engine] op=100 arg=2 stack=3
[proto-engine] i=39 instr=0x27c01 isInt=1
[proto-engine] op=159 arg=2 stack=4
[proto-engine] invokeCallable callable=0x7a4c5d8a3d4c args=1
[proto-builtins] py_print called size=1
os.py about to import os.path
[proto-engine] i=41 instr=0x21401 isInt=1
[proto-engine] op=133 arg=102 stack=1
[proto-engine] i=42 instr=0x19801 isInt=1
[proto-engine] op=102 arg=1 stack=0
[proto-engine] LOAD_NAME name=__import__ val=0 env=0x7ffdb799d260
[proto-engine] LOAD_NAME resolve=__import__ val=0x7a4c5d8d264c
[proto-engine] i=44 instr=0x19001 isInt=1
[proto-engine] op=100 arg=8 stack=1
[proto-engine] i=46 instr=0x1a801 isInt=1
[proto-engine] op=106 arg=1 stack=2
[proto-engine] invokeCallable callable=0x7a4c5d8d264c args=1
[proto-engine] i=48 instr=0x19c01 isInt=1
[proto-engine] op=103 arg=6 stack=1
[proto-engine] STORE_NAME os into frame=0x7a4c5d75cd40
[proto-engine]   (also synced globals)
[proto-engine] i=50 instr=0x19801 isInt=1
[proto-engine] op=102 arg=6 stack=0
[proto-engine] LOAD_NAME name=os val=0x7a4c5d75cd40 env=0x7ffdb799d260
[proto-engine] i=52 instr=0x1c001 isInt=1
[proto-engine] op=112 arg=7 stack=1
[proto-engine] i=54 instr=0x19c01 isInt=1
[proto-engine] op=103 arg=7 stack=1
[proto-engine] STORE_NAME path into frame=0x7a4c5d75cd40
[proto-engine]   (also synced globals)
[proto-engine] i=56 instr=0x19001 isInt=1
[proto-engine] op=100 arg=9 stack=0
[proto-engine] i=58 instr=0x27001 isInt=1
[proto-engine] op=156 arg=0 stack=1
[proto-engine] i=60 instr=0x19c01 isInt=1
[proto-engine] op=103 arg=8 stack=1
[proto-engine] STORE_NAME _make_environ into frame=0x7a4c5d75cd40
[proto-engine]   (also synced globals)
[proto-engine] i=62 instr=0x19001 isInt=1
[proto-engine] op=100 arg=10 stack=0
[proto-engine] i=64 instr=0x1d801 isInt=1
[proto-engine] op=118 arg=0 stack=1
[proto-engine] i=66 instr=0x19001 isInt=1
[proto-engine] op=100 arg=11 stack=2
[proto-engine] i=68 instr=0x27001 isInt=1
[proto-engine] op=156 arg=0 stack=3
[proto-engine] i=70 instr=0x28001 isInt=1
[proto-engine] op=160 arg=103 stack=3
[proto-engine] i=0 instr=0x19001 isInt=1
[proto-engine] op=100 arg=0 stack=0
[proto-engine] i=2 instr=0x27001 isInt=1
[proto-engine] op=156 arg=0 stack=1
[proto-engine] i=4 instr=0x19c01 isInt=1
[proto-engine] op=103 arg=0 stack=1
[proto-engine] STORE_NAME __init__ into frame=0x7a4c5dccc900
[proto-engine] i=6 instr=0x19001 isInt=1
[proto-engine] op=100 arg=1 stack=0
[proto-engine] i=8 instr=0x27001 isInt=1
[proto-engine] op=156 arg=0 stack=1
[proto-engine] i=10 instr=0x19c01 isInt=1
[proto-engine] op=103 arg=1 stack=1
[proto-engine] STORE_NAME __getitem__ into frame=0x7a4c5dccc900
[proto-engine] i=12 instr=0x19001 isInt=1
[proto-engine] op=100 arg=2 stack=0
[proto-engine] i=14 instr=0x27001 isInt=1
[proto-engine] op=156 arg=0 stack=1
[proto-engine] i=16 instr=0x19c01 isInt=1
[proto-engine] op=103 arg=2 stack=1
[proto-engine] STORE_NAME __setitem__ into frame=0x7a4c5dccc900
[proto-engine] i=18 instr=0x19001 isInt=1
[proto-engine] op=100 arg=3 stack=0
[proto-engine] i=20 instr=0x27001 isInt=1
[proto-engine] op=156 arg=0 stack=1
[proto-engine] i=22 instr=0x19c01 isInt=1
[proto-engine] op=103 arg=3 stack=1
[proto-engine] STORE_NAME __delitem__ into frame=0x7a4c5dccc900
[proto-engine] i=24 instr=0x19001 isInt=1
[proto-engine] op=100 arg=4 stack=0
[proto-engine] i=26 instr=0x27001 isInt=1
[proto-engine] op=156 arg=0 stack=1
[proto-engine] i=28 instr=0x19c01 isInt=1
[proto-engine] op=103 arg=4 stack=1
[proto-engine] STORE_NAME __contains__ into frame=0x7a4c5dccc900
[proto-engine] i=30 instr=0x19001 isInt=1
[proto-engine] op=100 arg=5 stack=0
[proto-engine] i=32 instr=0x27001 isInt=1
[proto-engine] op=156 arg=0 stack=1
[proto-engine] i=34 instr=0x19c01 isInt=1
[proto-engine] op=103 arg=5 stack=1
[proto-engine] STORE_NAME __repr__ into frame=0x7a4c5dccc900
[proto-engine] i=36 instr=0x19001 isInt=1
[proto-engine] op=100 arg=6 stack=0
[proto-engine] i=38 instr=0x27001 isInt=1
[proto-engine] op=156 arg=0 stack=1
[proto-engine] i=40 instr=0x19c01 isInt=1
[proto-engine] op=103 arg=6 stack=1
[proto-engine] STORE_NAME __len__ into frame=0x7a4c5dccc900
[proto-engine] i=42 instr=0x19001 isInt=1
[proto-engine] op=100 arg=7 stack=0
[proto-engine] i=44 instr=0x27001 isInt=1
[proto-engine] op=156 arg=0 stack=1
[proto-engine] i=46 instr=0x19c01 isInt=1
[proto-engine] op=103 arg=7 stack=1
[proto-engine] STORE_NAME keys into frame=0x7a4c5dccc900
[proto-engine] i=48 instr=0x19001 isInt=1
[proto-engine] op=100 arg=8 stack=0
[proto-engine] i=50 instr=0x27001 isInt=1
[proto-engine] op=156 arg=0 stack=1
[proto-engine] i=52 instr=0x19c01 isInt=1
[proto-engine] op=103 arg=8 stack=1
[proto-engine] STORE_NAME values into frame=0x7a4c5dccc900
[proto-engine] i=54 instr=0x19001 isInt=1
[proto-engine] op=100 arg=9 stack=0
[proto-engine] i=56 instr=0x27001 isInt=1
[proto-engine] op=156 arg=0 stack=1
[proto-engine] i=58 instr=0x19c01 isInt=1
[proto-engine] op=103 arg=9 stack=1
[proto-engine] STORE_NAME items into frame=0x7a4c5dccc900
[proto-engine] i=60 instr=0x19001 isInt=1
[proto-engine] op=100 arg=10 stack=0
[proto-engine] i=62 instr=0x27001 isInt=1
[proto-engine] op=156 arg=0 stack=1
[proto-engine] i=64 instr=0x19c01 isInt=1
[proto-engine] op=103 arg=10 stack=1
[proto-engine] STORE_NAME get into frame=0x7a4c5dccc900
[proto-engine] i=66 instr=0x19401 isInt=1
[proto-engine] op=101 arg=0 stack=0
[proto-engine] i=72 instr=0x2401 isInt=1
[proto-engine] op=9 arg=133 stack=1
[proto-engine] i=73 instr=0x21401 isInt=1
[proto-engine] op=133 arg=102 stack=1
[proto-engine] i=74 instr=0x19801 isInt=1
[proto-engine] op=102 arg=9 stack=0
[proto-engine] LOAD_NAME name=_Environ val=0 env=0x7ffdb799d260
[proto-engine] LOAD_NAME resolve=_Environ val=0
Traceback (most recent call last):
  File "<stdin>", in <module>
NameError: name '_Environ' is not defined
[proto-engine] i=6 instr=0x19c01 isInt=1
[proto-engine] op=103 arg=1 stack=1
[proto-engine] STORE_NAME os into frame=0x7a4c5d754e00
[proto-engine]   (also synced globals)
[proto-engine] i=8 instr=0x19801 isInt=1
[proto-engine] op=102 arg=0 stack=0
[proto-engine] LOAD_NAME name=__import__ val=0 env=0x7ffdb799d260
[proto-engine] LOAD_NAME resolve=__import__ val=0x7a4c5d8d264c
[proto-engine] i=10 instr=0x19001 isInt=1
[proto-engine] op=100 arg=1 stack=1
[proto-engine] i=12 instr=0x1a801 isInt=1
[proto-engine] op=106 arg=1 stack=2
[proto-engine] invokeCallable callable=0x7a4c5d8d264c args=1
[proto-engine] i=14 instr=0x19c01 isInt=1
[proto-engine] op=103 arg=2 stack=1
[proto-engine] STORE_NAME _thread into frame=0x7a4c5d754e00
[proto-engine]   (also synced globals)
[proto-engine] i=16 instr=0x19801 isInt=1
[proto-engine] op=102 arg=0 stack=0
[proto-engine] LOAD_NAME name=__import__ val=0 env=0x7ffdb799d260
[proto-engine] LOAD_NAME resolve=__import__ val=0x7a4c5d8d264c
[proto-engine] i=18 instr=0x19001 isInt=1
[proto-engine] op=100 arg=2 stack=1
[proto-engine] i=20 instr=0x1a801 isInt=1
[proto-engine] op=106 arg=1 stack=2
[proto-engine] invokeCallable callable=0x7a4c5d8d264c args=1
[proto-engine] i=0 instr=0x19801 isInt=1
[proto-engine] op=102 arg=0 stack=0
[proto-engine] LOAD_NAME name=__import__ val=0 env=0x7ffdb799d260
[proto-engine] LOAD_NAME resolve=__import__ val=0x7a4c5d8d264c
[proto-engine] i=2 instr=0x19001 isInt=1
[proto-engine] op=100 arg=0 stack=1
[proto-engine] i=4 instr=0x1a801 isInt=1
[proto-engine] op=106 arg=1 stack=2
[proto-engine] invokeCallable callable=0x7a4c5d8d264c args=1
[proto-engine] i=6 instr=0x19c01 isInt=1
[proto-engine] op=103 arg=1 stack=1
[proto-engine] STORE_NAME _signal into frame=0x7a4c5d7a16c0
[proto-engine]   (also synced globals)
[proto-engine] i=8 instr=0x19001 isInt=1
[proto-engine] op=100 arg=1 stack=0
[proto-engine] i=10 instr=0x19c01 isInt=1
[proto-engine] op=103 arg=2 stack=1
[proto-engine] STORE_NAME _has_signal into frame=0x7a4c5d7a16c0
[proto-engine]   (also synced globals)
[proto-engine] i=12 instr=0x19801 isInt=1
[proto-engine] op=102 arg=2 stack=0
[proto-engine] LOAD_NAME name=_has_signal val=0x4c1 env=0x7ffdb799d260
[proto-engine] i=14 instr=0x1b801 isInt=1
[proto-engine] op=110 arg=46 stack=1
[proto-engine] i=16 instr=0x19801 isInt=1
[proto-engine] op=102 arg=1 stack=0
[proto-engine] LOAD_NAME name=_signal val=0x7a4c5d7cbec0 env=0x7ffdb799d260
[proto-engine] i=18 instr=0x1c001 isInt=1
[proto-engine] op=112 arg=3 stack=1
[proto-engine] i=20 instr=0x19c01 isInt=1
[proto-engine] op=103 arg=3 stack=1
[proto-engine] STORE_NAME SIGINT into frame=0x7a4c5d7a16c0
[proto-engine]   (also synced globals)
[proto-engine] i=22 instr=0x19801 isInt=1
[proto-engine] op=102 arg=1 stack=0
[proto-engine] LOAD_NAME name=_signal val=0x7a4c5d7cbec0 env=0x7ffdb799d260
[proto-engine] i=24 instr=0x1c001 isInt=1
[proto-engine] op=112 arg=4 stack=1
[proto-engine] i=26 instr=0x19c01 isInt=1
[proto-engine] op=103 arg=4 stack=1
[proto-engine] STORE_NAME SIGTERM into frame=0x7a4c5d7a16c0
[proto-engine]   (also synced globals)
[proto-engine] i=28 instr=0x19801 isInt=1
[proto-engine] op=102 arg=1 stack=0
[proto-engine] LOAD_NAME name=_signal val=0x7a4c5d7cbec0 env=0x7ffdb799d260
[proto-engine] i=30 instr=0x1c001 isInt=1
[proto-engine] op=112 arg=5 stack=1
Traceback (most recent call last):
  File "<stdin>", in <module>
AttributeError: 'object' object has no attribute 'SIG_DFL'
[proto-engine] i=22 instr=0x19c01 isInt=1
[proto-engine] op=103 arg=3 stack=1
[proto-engine] STORE_NAME signal into frame=0x7a4c5d754e00
[proto-engine]   (also synced globals)
[proto-engine] i=24 instr=0x19801 isInt=1
[proto-engine] op=102 arg=0 stack=0
[proto-engine] LOAD_NAME name=__import__ val=0 env=0x7ffdb799d260
[proto-engine] LOAD_NAME resolve=__import__ val=0x7a4c5d8d264c
[proto-engine] i=26 instr=0x19001 isInt=1
[proto-engine] op=100 arg=3 stack=1
[proto-engine] i=28 instr=0x1a801 isInt=1
[proto-engine] op=106 arg=1 stack=2
[proto-engine] invokeCallable callable=0x7a4c5d8d264c args=1
[proto-engine] i=30 instr=0x19c01 isInt=1
[proto-engine] op=103 arg=4 stack=1
[proto-engine] STORE_NAME time into frame=0x7a4c5d754e00
[proto-engine]   (also synced globals)
[proto-engine] i=32 instr=0x19801 isInt=1
[proto-engine] op=102 arg=5 stack=0
[proto-engine] LOAD_NAME name=print val=0 env=0x7ffdb799d260
[proto-engine] LOAD_NAME resolve=print val=0x7a4c5d8a3d4c
[proto-engine] i=34 instr=0x19001 isInt=1
[proto-engine] op=100 arg=4 stack=1
[proto-engine] i=36 instr=0x19001 isInt=1
[proto-engine] op=100 arg=5 stack=2
[proto-engine] i=38 instr=0x19001 isInt=1
[proto-engine] op=100 arg=6 stack=3
[proto-engine] i=40 instr=0x27c01 isInt=1
[proto-engine] op=159 arg=2 stack=4
[proto-engine] invokeCallable callable=0x7a4c5d8a3d4c args=1
[proto-builtins] py_print called size=1
--- Batch 1: Builtins & Reflection ---
[proto-engine] i=42 instr=0x21401 isInt=1
[proto-engine] op=133 arg=102 stack=1
[proto-engine] i=43 instr=0x19801 isInt=1
[proto-engine] op=102 arg=6 stack=0
[proto-engine] LOAD_NAME name=globals val=0 env=0x7ffdb799d260
[proto-engine] LOAD_NAME resolve=globals val=0x7a4c5d8cc94c
[proto-engine] i=45 instr=0x1a801 isInt=1
[proto-engine] op=106 arg=0 stack=1
[proto-engine] invokeCallable callable=0x7a4c5d8cc94c args=0
[proto-engine] i=47 instr=0x19c01 isInt=1
[proto-engine] op=103 arg=7 stack=1
[proto-engine] STORE_NAME g into frame=0x7a4c5d754e00
[proto-engine]   (also synced globals)
[proto-engine] i=49 instr=0x19801 isInt=1
[proto-engine] op=102 arg=5 stack=0
[proto-engine] LOAD_NAME name=print val=0 env=0x7ffdb799d260
[proto-engine] LOAD_NAME resolve=print val=0x7a4c5d8a3d4c
[proto-engine] i=51 instr=0x19001 isInt=1
[proto-engine] op=100 arg=7 stack=1
[proto-engine] i=53 instr=0x19801 isInt=1
[proto-engine] op=102 arg=8 stack=2
[proto-engine] LOAD_NAME name=type val=0 env=0x7ffdb799d260
[proto-engine] LOAD_NAME resolve=type val=0x7a4c5d821380
[proto-engine] i=55 instr=0x19801 isInt=1
[proto-engine] op=102 arg=7 stack=3
[proto-engine] LOAD_NAME name=g val=0x7a4c5d754e00 env=0x7ffdb799d260
[proto-engine] i=57 instr=0x1a801 isInt=1
[proto-engine] op=106 arg=1 stack=4
[proto-engine] invokeCallable callable=0x7a4c5d821380 args=1
[proto-engine] invokeCallable callAttr=0x7a4c5d82064c
[proto-engine] i=59 instr=0x19001 isInt=1
[proto-engine] op=100 arg=5 stack=3
[proto-engine] i=61 instr=0x19001 isInt=1
[proto-engine] op=100 arg=6 stack=4
[proto-engine] i=63 instr=0x27c01 isInt=1
[proto-engine] op=159 arg=3 stack=5
[proto-engine] invokeCallable callable=0x7a4c5d8a3d4c args=2
[proto-builtins] py_print called size=2
globals() type: [proto-builtins] py_print attr lookup: name=__str__ obj=0x7a4c5dd74ac0 found=0x7a4c5d82038c
<object at 0x7a4c5dd74ac0>
[proto-engine] i=65 instr=0x21401 isInt=1
[proto-engine] op=133 arg=102 stack=1
[proto-engine] i=66 instr=0x19801 isInt=1
[proto-engine] op=102 arg=5 stack=0
[proto-engine] LOAD_NAME name=print val=0 env=0x7ffdb799d260
[proto-engine] LOAD_NAME resolve=print val=0x7a4c5d8a3d4c
[proto-engine] i=68 instr=0x19001 isInt=1
[proto-engine] op=100 arg=8 stack=1
[proto-engine] i=70 instr=0x19801 isInt=1
[proto-engine] op=102 arg=9 stack=2
[proto-engine] LOAD_NAME name=len val=0 env=0x7ffdb799d260
[proto-engine] LOAD_NAME resolve=len val=0x7a4c5d8a008c
[proto-engine] i=72 instr=0x19801 isInt=1
[proto-engine] op=102 arg=7 stack=3
[proto-engine] LOAD_NAME name=g val=0x7a4c5d754e00 env=0x7ffdb799d260
[proto-engine] i=74 instr=0x1a801 isInt=1
[proto-engine] op=106 arg=1 stack=4
[proto-engine] invokeCallable callable=0x7a4c5d8a008c args=1
[proto-engine] i=76 instr=0x19001 isInt=1
[proto-engine] op=100 arg=5 stack=3
[proto-engine] i=78 instr=0x19001 isInt=1
[proto-engine] op=100 arg=6 stack=4
[proto-engine] i=80 instr=0x27c01 isInt=1
[proto-engine] op=159 arg=3 stack=5
[proto-engine] invokeCallable callable=0x7a4c5d8a3d4c args=2
[proto-builtins] py_print called size=2
globals() len: 0
[proto-engine] i=82 instr=0x21401 isInt=1
[proto-engine] op=133 arg=102 stack=1
[proto-engine] i=83 instr=0x19801 isInt=1
[proto-engine] op=102 arg=10 stack=0
[proto-engine] LOAD_NAME name=locals val=0 env=0x7ffdb799d260
[proto-engine] LOAD_NAME resolve=locals val=0x7a4c5d8cce4c
[proto-engine] i=85 instr=0x1a801 isInt=1
[proto-engine] op=106 arg=0 stack=1
[proto-engine] invokeCallable callable=0x7a4c5d8cce4c args=0
[proto-engine] i=87 instr=0x19c01 isInt=1
[proto-engine] op=103 arg=11 stack=1
[proto-engine] STORE_NAME l into frame=0x7a4c5d754e00
[proto-engine]   (also synced globals)
[proto-engine] i=89 instr=0x19801 isInt=1
[proto-engine] op=102 arg=5 stack=0
[proto-engine] LOAD_NAME name=print val=0 env=0x7ffdb799d260
[proto-engine] LOAD_NAME resolve=print val=0x7a4c5d8a3d4c
[proto-engine] i=91 instr=0x19001 isInt=1
[proto-engine] op=100 arg=9 stack=1
[proto-engine] i=93 instr=0x19801 isInt=1
[proto-engine] op=102 arg=11 stack=2
[proto-engine] LOAD_NAME name=l val=0x7a4c5d754e00 env=0x7ffdb799d260
[proto-engine] i=95 instr=0x19801 isInt=1
[proto-engine] op=102 arg=7 stack=3
[proto-engine] LOAD_NAME name=g val=0x7a4c5d754e00 env=0x7ffdb799d260
[proto-engine] i=97 instr=0x1b401 isInt=1
[proto-engine] op=109 arg=8 stack=4
[proto-engine] i=99 instr=0x19001 isInt=1
[proto-engine] op=100 arg=5 stack=3
[proto-engine] i=101 instr=0x19001 isInt=1
[proto-engine] op=100 arg=6 stack=4
[proto-engine] i=103 instr=0x27c01 isInt=1
[proto-engine] op=159 arg=3 stack=5
[proto-engine] invokeCallable callable=0x7a4c5d8a3d4c args=2
[proto-builtins] py_print called size=2
locals() is globals(): True
[proto-engine] i=105 instr=0x21401 isInt=1
[proto-engine] op=133 arg=102 stack=1
[proto-engine] i=106 instr=0x19801 isInt=1
[proto-engine] op=102 arg=5 stack=0
[proto-engine] LOAD_NAME name=print val=0 env=0x7ffdb799d260
[proto-engine] LOAD_NAME resolve=print val=0x7a4c5d8a3d4c
[proto-engine] i=108 instr=0x19001 isInt=1
[proto-engine] op=100 arg=10 stack=1
[proto-engine] i=110 instr=0x19001 isInt=1
[proto-engine] op=100 arg=5 stack=2
[proto-engine] i=112 instr=0x19001 isInt=1
[proto-engine] op=100 arg=6 stack=3
[proto-engine] i=114 instr=0x27c01 isInt=1
[proto-engine] op=159 arg=2 stack=4
[proto-engine] invokeCallable callable=0x7a4c5d8a3d4c args=1
[proto-builtins] py_print called size=1
os.environ['TEST_VAR'] = 'Batch1'
[proto-engine] i=116 instr=0x21401 isInt=1
[proto-engine] op=133 arg=100 stack=1
[proto-engine] i=117 instr=0x19001 isInt=1
[proto-engine] op=100 arg=11 stack=0
[proto-engine] i=119 instr=0x19801 isInt=1
[proto-engine] op=102 arg=1 stack=1
[proto-engine] LOAD_NAME name=os val=0x7a4c5d75cd40 env=0x7ffdb799d260
[proto-engine] i=121 instr=0x1c001 isInt=1
[proto-engine] op=112 arg=12 stack=2
Traceback (most recent call last):
  File "<stdin>", in <module>
AttributeError: 'object' object has no attribute 'environ'
[proto-engine] i=0 instr=0x19801 isInt=1
[proto-engine] op=102 arg=0 stack=0
[proto-engine] LOAD_NAME name=__import__ val=0 env=0x7ffdb799d260
[proto-engine] LOAD_NAME resolve=__import__ val=0x7a4c5d8d264c
[proto-engine] i=2 instr=0x19001 isInt=1
[proto-engine] op=100 arg=0 stack=1
[proto-engine] i=4 instr=0x1a801 isInt=1
[proto-engine] op=106 arg=1 stack=2
[proto-engine] invokeCallable callable=0x7a4c5d8d264c args=1
[proto-engine] i=6 instr=0x19c01 isInt=1
[proto-engine] op=103 arg=1 stack=1
[proto-engine] STORE_NAME os into frame=0x7a4c5d754e00
[proto-engine]   (also synced globals)
[proto-engine] i=8 instr=0x19801 isInt=1
[proto-engine] op=102 arg=0 stack=0
[proto-engine] LOAD_NAME name=__import__ val=0 env=0x7ffdb799d260
[proto-engine] LOAD_NAME resolve=__import__ val=0x7a4c5d8d264c
[proto-engine] i=10 instr=0x19001 isInt=1
[proto-engine] op=100 arg=1 stack=1
[proto-engine] i=12 instr=0x1a801 isInt=1
[proto-engine] op=106 arg=1 stack=2
[proto-engine] invokeCallable callable=0x7a4c5d8d264c args=1
[proto-engine] i=14 instr=0x19c01 isInt=1
[proto-engine] op=103 arg=2 stack=1
[proto-engine] STORE_NAME _thread into frame=0x7a4c5d754e00
[proto-engine]   (also synced globals)
[proto-engine] i=16 instr=0x19801 isInt=1
[proto-engine] op=102 arg=0 stack=0
[proto-engine] LOAD_NAME name=__import__ val=0 env=0x7ffdb799d260
[proto-engine] LOAD_NAME resolve=__import__ val=0x7a4c5d8d264c
[proto-engine] i=18 instr=0x19001 isInt=1
[proto-engine] op=100 arg=2 stack=1
[proto-engine] i=20 instr=0x1a801 isInt=1
[proto-engine] op=106 arg=1 stack=2
[proto-engine] invokeCallable callable=0x7a4c5d8d264c args=1
[proto-engine] i=22 instr=0x19c01 isInt=1
[proto-engine] op=103 arg=3 stack=1
[proto-engine] STORE_NAME signal into frame=0x7a4c5d754e00
[proto-engine]   (also synced globals)
[proto-engine] i=24 instr=0x19801 isInt=1
[proto-engine] op=102 arg=0 stack=0
[proto-engine] LOAD_NAME name=__import__ val=0 env=0x7ffdb799d260
[proto-engine] LOAD_NAME resolve=__import__ val=0x7a4c5d8d264c
[proto-engine] i=26 instr=0x19001 isInt=1
[proto-engine] op=100 arg=3 stack=1
[proto-engine] i=28 instr=0x1a801 isInt=1
[proto-engine] op=106 arg=1 stack=2
[proto-engine] invokeCallable callable=0x7a4c5d8d264c args=1
[proto-engine] i=30 instr=0x19c01 isInt=1
[proto-engine] op=103 arg=4 stack=1
[proto-engine] STORE_NAME time into frame=0x7a4c5d754e00
[proto-engine]   (also synced globals)
[proto-engine] i=32 instr=0x19801 isInt=1
[proto-engine] op=102 arg=5 stack=0
[proto-engine] LOAD_NAME name=print val=0 env=0x7ffdb799d260
[proto-engine] LOAD_NAME resolve=print val=0x7a4c5d8a3d4c
[proto-engine] i=34 instr=0x19001 isInt=1
[proto-engine] op=100 arg=4 stack=1
[proto-engine] i=36 instr=0x19001 isInt=1
[proto-engine] op=100 arg=5 stack=2
[proto-engine] i=38 instr=0x19001 isInt=1
[proto-engine] op=100 arg=6 stack=3
[proto-engine] i=40 instr=0x27c01 isInt=1
[proto-engine] op=159 arg=2 stack=4
[proto-engine] invokeCallable callable=0x7a4c5d8a3d4c args=1
[proto-builtins] py_print called size=1
--- Batch 1: Builtins & Reflection ---
[proto-engine] i=42 instr=0x21401 isInt=1
[proto-engine] op=133 arg=102 stack=1
[proto-engine] i=43 instr=0x19801 isInt=1
[proto-engine] op=102 arg=6 stack=0
[proto-engine] LOAD_NAME name=globals val=0 env=0x7ffdb799d260
[proto-engine] LOAD_NAME resolve=globals val=0x7a4c5d8cc94c
[proto-engine] i=45 instr=0x1a801 isInt=1
[proto-engine] op=106 arg=0 stack=1
[proto-engine] invokeCallable callable=0x7a4c5d8cc94c args=0
[proto-engine] i=47 instr=0x19c01 isInt=1
[proto-engine] op=103 arg=7 stack=1
[proto-engine] STORE_NAME g into frame=0x7a4c5d754e00
[proto-engine]   (also synced globals)
[proto-engine] i=49 instr=0x19801 isInt=1
[proto-engine] op=102 arg=5 stack=0
[proto-engine] LOAD_NAME name=print val=0 env=0x7ffdb799d260
[proto-engine] LOAD_NAME resolve=print val=0x7a4c5d8a3d4c
[proto-engine] i=51 instr=0x19001 isInt=1
[proto-engine] op=100 arg=7 stack=1
[proto-engine] i=53 instr=0x19801 isInt=1
[proto-engine] op=102 arg=8 stack=2
[proto-engine] LOAD_NAME name=type val=0 env=0x7ffdb799d260
[proto-engine] LOAD_NAME resolve=type val=0x7a4c5d821380
[proto-engine] i=55 instr=0x19801 isInt=1
[proto-engine] op=102 arg=7 stack=3
[proto-engine] LOAD_NAME name=g val=0x7a4c5d754e00 env=0x7ffdb799d260
[proto-engine] i=57 instr=0x1a801 isInt=1
[proto-engine] op=106 arg=1 stack=4
[proto-engine] invokeCallable callable=0x7a4c5d821380 args=1
[proto-engine] invokeCallable callAttr=0x7a4c5d82064c
[proto-engine] i=59 instr=0x19001 isInt=1
[proto-engine] op=100 arg=5 stack=3
[proto-engine] i=61 instr=0x19001 isInt=1
[proto-engine] op=100 arg=6 stack=4
[proto-engine] i=63 instr=0x27c01 isInt=1
[proto-engine] op=159 arg=3 stack=5
[proto-engine] invokeCallable callable=0x7a4c5d8a3d4c args=2
[proto-builtins] py_print called size=2
globals() type: [proto-builtins] py_print attr lookup: name=__str__ obj=0x7a4c5df15480 found=0x7a4c5d82038c
<object at 0x7a4c5df15480>
[proto-engine] i=65 instr=0x21401 isInt=1
[proto-engine] op=133 arg=102 stack=1
[proto-engine] i=66 instr=0x19801 isInt=1
[proto-engine] op=102 arg=5 stack=0
[proto-engine] LOAD_NAME name=print val=0 env=0x7ffdb799d260
[proto-engine] LOAD_NAME resolve=print val=0x7a4c5d8a3d4c
[proto-engine] i=68 instr=0x19001 isInt=1
[proto-engine] op=100 arg=8 stack=1
[proto-engine] i=70 instr=0x19801 isInt=1
[proto-engine] op=102 arg=9 stack=2
[proto-engine] LOAD_NAME name=len val=0 env=0x7ffdb799d260
[proto-engine] LOAD_NAME resolve=len val=0x7a4c5d8a008c
[proto-engine] i=72 instr=0x19801 isInt=1
[proto-engine] op=102 arg=7 stack=3
[proto-engine] LOAD_NAME name=g val=0x7a4c5d754e00 env=0x7ffdb799d260
[proto-engine] i=74 instr=0x1a801 isInt=1
[proto-engine] op=106 arg=1 stack=4
[proto-engine] invokeCallable callable=0x7a4c5d8a008c args=1
[proto-engine] i=76 instr=0x19001 isInt=1
[proto-engine] op=100 arg=5 stack=3
[proto-engine] i=78 instr=0x19001 isInt=1
[proto-engine] op=100 arg=6 stack=4
[proto-engine] i=80 instr=0x27c01 isInt=1
[proto-engine] op=159 arg=3 stack=5
[proto-engine] invokeCallable callable=0x7a4c5d8a3d4c args=2
[proto-builtins] py_print called size=2
globals() len: 0
[proto-engine] i=82 instr=0x21401 isInt=1
[proto-engine] op=133 arg=102 stack=1
[proto-engine] i=83 instr=0x19801 isInt=1
[proto-engine] op=102 arg=10 stack=0
[proto-engine] LOAD_NAME name=locals val=0 env=0x7ffdb799d260
[proto-engine] LOAD_NAME resolve=locals val=0x7a4c5d8cce4c
[proto-engine] i=85 instr=0x1a801 isInt=1
[proto-engine] op=106 arg=0 stack=1
[proto-engine] invokeCallable callable=0x7a4c5d8cce4c args=0
[proto-engine] i=87 instr=0x19c01 isInt=1
[proto-engine] op=103 arg=11 stack=1
[proto-engine] STORE_NAME l into frame=0x7a4c5d754e00
[proto-engine]   (also synced globals)
[proto-engine] i=89 instr=0x19801 isInt=1
[proto-engine] op=102 arg=5 stack=0
[proto-engine] LOAD_NAME name=print val=0 env=0x7ffdb799d260
[proto-engine] LOAD_NAME resolve=print val=0x7a4c5d8a3d4c
[proto-engine] i=91 instr=0x19001 isInt=1
[proto-engine] op=100 arg=9 stack=1
[proto-engine] i=93 instr=0x19801 isInt=1
[proto-engine] op=102 arg=11 stack=2
[proto-engine] LOAD_NAME name=l val=0x7a4c5d754e00 env=0x7ffdb799d260
[proto-engine] i=95 instr=0x19801 isInt=1
[proto-engine] op=102 arg=7 stack=3
[proto-engine] LOAD_NAME name=g val=0x7a4c5d754e00 env=0x7ffdb799d260
[proto-engine] i=97 instr=0x1b401 isInt=1
[proto-engine] op=109 arg=8 stack=4
[proto-engine] i=99 instr=0x19001 isInt=1
[proto-engine] op=100 arg=5 stack=3
[proto-engine] i=101 instr=0x19001 isInt=1
[proto-engine] op=100 arg=6 stack=4
[proto-engine] i=103 instr=0x27c01 isInt=1
[proto-engine] op=159 arg=3 stack=5
[proto-engine] invokeCallable callable=0x7a4c5d8a3d4c args=2
[proto-builtins] py_print called size=2
locals() is globals(): True
[proto-engine] i=105 instr=0x21401 isInt=1
[proto-engine] op=133 arg=102 stack=1
[proto-engine] i=106 instr=0x19801 isInt=1
[proto-engine] op=102 arg=5 stack=0
[proto-engine] LOAD_NAME name=print val=0 env=0x7ffdb799d260
[proto-engine] LOAD_NAME resolve=print val=0x7a4c5d8a3d4c
[proto-engine] i=108 instr=0x19001 isInt=1
[proto-engine] op=100 arg=10 stack=1
[proto-engine] i=110 instr=0x19001 isInt=1
[proto-engine] op=100 arg=5 stack=2
[proto-engine] i=112 instr=0x19001 isInt=1
[proto-engine] op=100 arg=6 stack=3
[proto-engine] i=114 instr=0x27c01 isInt=1
[proto-engine] op=159 arg=2 stack=4
[proto-engine] invokeCallable callable=0x7a4c5d8a3d4c args=1
[proto-builtins] py_print called size=1
os.environ['TEST_VAR'] = 'Batch1'
[proto-engine] i=116 instr=0x21401 isInt=1
[proto-engine] op=133 arg=100 stack=1
[proto-engine] i=117 instr=0x19001 isInt=1
[proto-engine] op=100 arg=11 stack=0
[proto-engine] i=119 instr=0x19801 isInt=1
[proto-engine] op=102 arg=1 stack=1
[proto-engine] LOAD_NAME name=os val=0x7a4c5d75cd40 env=0x7ffdb799d260
[proto-engine] i=121 instr=0x1c001 isInt=1
[proto-engine] op=112 arg=12 stack=2
Traceback (most recent call last):
  File "<stdin>", in <module>
AttributeError: 'object' object has no attribute 'environ'
protopy: module 'verify_b1' exited with runtime error
